C51 COMPILER V9.54   DHT11                                                                 07/11/2024 14:13:02 PAGE 1   


C51 COMPILER V9.54, COMPILATION OF MODULE DHT11
OBJECT MODULE PLACED IN .\Objects\DHT11.obj
COMPILER INVOKED BY: D:\FE\Keil5\C51\BIN\C51.EXE DHT11.c OPTIMIZE(8,SPEED) BROWSE DEBUG OBJECTEXTEND PRINT(.\Listings\DH
                    -T11.lst) OBJECT(.\Objects\DHT11.obj)

line level    source

   1          #include "DHT11.h"
   2          
   3          unsigned char humi_value,temp_value;//定义全局变量温湿度整形
   4          void DHT11_delay_us(unsigned char n)
   5          {
   6   1          while(--n);
   7   1      }
   8          
   9          void DHT11_delay_ms(unsigned int z)
  10          {
  11   1         unsigned int i,j;
  12   1         for(i=z;i>0;i--)
  13   1            for(j=110;j>0;j--);
  14   1      }
  15          
  16          void DHT11_start()
  17          {
  18   1         Data=1;
  19   1         DHT11_delay_us(2);
  20   1         Data=0;
  21   1         DHT11_delay_ms(30);   //延时18ms以上
  22   1         Data=1;
  23   1         DHT11_delay_us(30);
  24   1      }
  25          
  26          unsigned char DHT11_rec_byte()      //接收一个字节
  27          {
  28   1         unsigned char i,dat=0;
  29   1        for(i=0;i<8;i++)    //从高到低依次接收8位数据
  30   1         {
  31   2            while(!Data);   ////等待50us低电平过去
  32   2            DHT11_delay_us(8);     //延时60us，如果还为高则数据为1，否则为0
  33   2            dat<<=1;           //移位使正确接收8位数据，数据为0时直接移位
  34   2            if(Data==1)    //数据为1时，使dat加1来接收数据1
  35   2               dat+=1;
  36   2            while(Data);  //等待数据线拉低
  37   2          }
  38   1          return dat;
  39   1      }
  40          
  41          void DHT11_receive()      //接收40位的数据
  42          {
  43   1          unsigned char R_H,R_L,T_H,T_L,RH,RL,TH,TL,revise;
  44   1          DHT11_start();
  45   1          if(Data==0)
  46   1          {
  47   2              while(Data==0);   //等待拉高
  48   2              DHT11_delay_us(40);  //拉高后延时80us
  49   2              R_H=DHT11_rec_byte();    //接收湿度高八位
  50   2              R_L=DHT11_rec_byte();    //接收湿度低八位
  51   2              T_H=DHT11_rec_byte();    //接收温度高八位
  52   2              T_L=DHT11_rec_byte();    //接收温度低八位
  53   2              revise=DHT11_rec_byte(); //接收校正位
  54   2      
C51 COMPILER V9.54   DHT11                                                                 07/11/2024 14:13:02 PAGE 2   

  55   2              DHT11_delay_us(25);    //结束
  56   2      
  57   2              if((R_H+R_L+T_H+T_L)==revise)      //校正
  58   2              {
  59   3                  RH=R_H;
  60   3                  RL=R_L;
  61   3                  TH=T_H;
  62   3                  TL=T_L;
  63   3                                      
  64   3              }
  65   2                      humi_value = RH;
  66   2          temp_value = TH-1;//比ds18b20温度高1度所以减去1，校准
  67   2          }
  68   1      }


MODULE INFORMATION:   STATIC OVERLAYABLE
   CODE SIZE        =    183    ----
   CONSTANT SIZE    =   ----    ----
   XDATA SIZE       =   ----    ----
   PDATA SIZE       =   ----    ----
   DATA SIZE        =      2       6
   IDATA SIZE       =   ----    ----
   BIT SIZE         =   ----    ----
END OF MODULE INFORMATION.


C51 COMPILATION COMPLETE.  0 WARNING(S),  0 ERROR(S)
