C51 COMPILER V9.54   LCD12864                                                              07/11/2024 14:13:02 PAGE 1   


C51 COMPILER V9.54, COMPILATION OF MODULE LCD12864
OBJECT MODULE PLACED IN .\Objects\lcd12864.obj
COMPILER INVOKED BY: D:\FE\Keil5\C51\BIN\C51.EXE lcd12864.c OPTIMIZE(8,SPEED) BROWSE DEBUG OBJECTEXTEND PRINT(.\Listings
                    -\lcd12864.lst) OBJECT(.\Objects\lcd12864.obj)

line level    source

   1          /**********************************包含头文件**********************************/
   2          #include "lcd12864.h"
   3          
   4          
   5          /*******************************************************************************
   6          * 函 数 名         : Lcd12864_Delay1ms
   7          * 函数功能                 : 延时函数，延时1ms
   8          * 输    入         : c
   9          * 输    出         : 无
  10          * 说    名         : 该函数是在11.0592MHZ晶振下，12分频单片机的延时。
  11          *******************************************************************************/
  12          /* 延时函数 */
  13          void Lcd12864_Delay1ms(uint c)   //误差 0us
  14          {
  15   1        uchar a,b;
  16   1              for (; c>0; c--)
  17   1              {
  18   2                       for (b=199;b>0;b--)
  19   2                       {
  20   3                              for(a=1;a>0;a--);
  21   3                       }      
  22   2              }
  23   1              
  24   1      }
  25          
  26          /*******************************************************************************
  27          * 函 数 名         : LcdWriteCom
  28          * 函数功能                 : 向LCD写入一个字节的命令
  29          * 输    入         : com
  30          * 输    出         : 无
  31          *******************************************************************************/
  32          void LcdWriteCom(uchar com)       //写入命令
  33          {
  34   1              LCD12864_E = 0;     //使能
  35   1              LCD12864_RS = 0;           //选择发送命令
  36   1              LCD12864_RW = 0;           //选择写入
  37   1              
  38   1              LCD12864_DATAPINS = com;     //放入命令
  39   1              Lcd12864_Delay1ms(1);           //等待数据稳定
  40   1      
  41   1              LCD12864_E = 1;           //写入时序
  42   1              Lcd12864_Delay1ms(5);     //保持时间
  43   1              LCD12864_E = 0;
  44   1      }
  45          /*******************************************************************************
  46          * 函 数 名         : LcdWriteData
  47          * 函数功能                 : 向LCD写入一个字节的数据
  48          * 输    入         : dat
  49          * 输    出         : 无
  50          *******************************************************************************/                      
  51          void LcdWriteData(uchar dat)                    //写入数据
  52          {
  53   1              LCD12864_E = 0; //使能清零
  54   1              LCD12864_RS = 1;        //选择输入数据
C51 COMPILER V9.54   LCD12864                                                              07/11/2024 14:13:02 PAGE 2   

  55   1              LCD12864_RW = 0;        //选择写入
  56   1      
  57   1              LCD12864_DATAPINS = dat; //写入数据
  58   1              Lcd12864_Delay1ms(1);
  59   1      
  60   1              LCD12864_E = 1;   //写入时序
  61   1              Lcd12864_Delay1ms(5);   //保持时间
  62   1              LCD12864_E = 0;
  63   1      }
  64          //=========================================================================================
  65          
  66          /* 指定位置显示字符串 注意 (1/4 0-16，"显示字符串") */
  67          void wri_string(uchar y,uchar x,uchar a[])
  68          {
  69   1              uchar i;
  70   1              if(y==1)//如果选择第1行
  71   1                      LcdWriteCom(0x80+x);//选中地址
  72   1              if(y==2)//如果选择第2行
  73   1                      LcdWriteCom(0x90+x);//选中地址
  74   1              if(y==3)//如果选择第3行
  75   1                      LcdWriteCom(0x88+x);//选中地址
  76   1              if(y==4)//如果选择第4行
  77   1                      LcdWriteCom(0x98+x);//选中地址
  78   1                      for(i=0;a[i]!='\0';i++)
  79   1                      {
  80   2                              LcdWriteData(a[i]);
  81   2                      }
  82   1      }
  83          
  84          
  85          
  86          /*******************************************************************************
  87          * 函 数 名       : LcdInit()
  88          * 函数功能               : 初始化LCD屏
  89          * 输    入       : 无
  90          * 输    出       : 无
  91          *******************************************************************************/                   
  92          void LcdInit()                                            //LCD初始化子程序
  93          {
  94   1              LcdWriteCom(0x34);  //开显示
  95   1              LcdWriteCom(0x30);  //开显示不显示光标
  96   1              LcdWriteCom(0x0c);  //写一个指针加1
  97   1              LcdWriteCom(0x01);  //清屏
  98   1      }
  99          
 100          /*******************************************************************************
 101          * 函 数 名         : lcd_write_char
 102          * 函数功能                      :
 103          * 输    入         :
 104          * 输    出         : 无
 105          *******************************************************************************/
 106          void lcd_write_char(uchar y, uchar x, uchar dat) //列x=0~15,行y=0,1
 107          {
 108   1              unsigned char temp_l, temp_h;
 109   1              if(y==1)//如果选择第1行
 110   1                      LcdWriteCom(0x80+x);//选中地址
 111   1              if(y==2)//如果选择第2行
 112   1                      LcdWriteCom(0x90+x);//选中地址
 113   1              if(y==3)//如果选择第3行
 114   1                      LcdWriteCom(0x88+x);//选中地址
 115   1              if(y==4)//如果选择第4行
 116   1                      LcdWriteCom(0x98+x);//选中地址
C51 COMPILER V9.54   LCD12864                                                              07/11/2024 14:13:02 PAGE 3   

 117   1                      temp_l = dat % 10;
 118   1          temp_h = dat / 10;
 119   1          LcdWriteData(temp_h + 0x30);          
 120   1          LcdWriteData(temp_l + 0x30);
 121   1      }


MODULE INFORMATION:   STATIC OVERLAYABLE
   CODE SIZE        =    242    ----
   CONSTANT SIZE    =   ----    ----
   XDATA SIZE       =   ----    ----
   PDATA SIZE       =   ----    ----
   DATA SIZE        =   ----       6
   IDATA SIZE       =   ----    ----
   BIT SIZE         =   ----    ----
END OF MODULE INFORMATION.


C51 COMPILATION COMPLETE.  0 WARNING(S),  0 ERROR(S)
